\BOOKMARK [0][-]{chapter.1}{\376\377\000I\000n\000t\000r\000o\000d\000u\000c\000t\000i\000o\000n\000\040\000t\000o\000\040\000T\000r\000e\000e\000s}{}% 1
\BOOKMARK [1][-]{section.1.1}{\376\377\000T\000r\000e\000e\000s}{chapter.1}% 2
\BOOKMARK [2][-]{subsection.1.1.1}{\376\377\000T\000a\000x\000o\000n\000o\000m\000y}{section.1.1}% 3
\BOOKMARK [1][-]{section.1.2}{\376\377\000B\000i\000n\000a\000r\000y\000\040\000T\000r\000e\000e\000s}{chapter.1}% 4
\BOOKMARK [2][-]{subsection.1.2.1}{\376\377\000F\000u\000l\000l\000\040\000b\000i\000n\000a\000r\000y\000\040\000t\000r\000e\000e\000s}{section.1.2}% 5
\BOOKMARK [2][-]{subsection.1.2.2}{\376\377\000C\000o\000m\000p\000l\000e\000t\000e\000\040\000b\000i\000n\000a\000r\000y\000\040\000t\000r\000e\000e\000s}{section.1.2}% 6
\BOOKMARK [2][-]{subsection.1.2.3}{\376\377\000I\000m\000p\000l\000e\000m\000e\000n\000t\000a\000t\000i\000o\000n}{section.1.2}% 7
\BOOKMARK [2][-]{subsection.1.2.4}{\376\377\000T\000r\000a\000v\000e\000r\000s\000a\000l\000s}{section.1.2}% 8
\BOOKMARK [1][-]{section.1.3}{\376\377\000T\000r\000e\000e\000s\000\040\000R\000e\000v\000i\000e\000w}{chapter.1}% 9
\BOOKMARK [1][-]{section.1.4}{\376\377\000B\000i\000n\000a\000r\000y\000\040\000S\000e\000a\000r\000c\000h\000\040\000T\000r\000e\000e}{chapter.1}% 10
\BOOKMARK [2][-]{subsection.1.4.1}{\376\377\000I\000n\000s\000e\000r\000t\000\040\000o\000p\000e\000r\000a\000t\000i\000o\000n}{section.1.4}% 11
\BOOKMARK [2][-]{subsection.1.4.2}{\376\377\000P\000r\000e\000d\000e\000c\000e\000s\000s\000o\000r\000\040\000a\000n\000d\000\040\000S\000u\000c\000c\000e\000s\000s\000o\000r}{section.1.4}% 12
\BOOKMARK [2][-]{subsection.1.4.3}{\376\377\000R\000e\000m\000o\000v\000e\000\040\000o\000p\000e\000r\000a\000t\000i\000o\000n}{section.1.4}% 13
\BOOKMARK [1][-]{section.1.5}{\376\377\000D\000a\000t\000a\000\040\000s\000t\000r\000u\000c\000t\000u\000r\000e\000\040\000t\000h\000e\000o\000r\000y}{chapter.1}% 14
\BOOKMARK [2][-]{subsection.1.5.1}{\376\377\000S\000e\000t\000\040\000B\000i\000n\000a\000r\000y\000\040\000T\000r\000e\000e\000\040\000\050\000B\000S\000T\000\051}{section.1.5}% 15
\BOOKMARK [2][-]{subsection.1.5.2}{\376\377\000S\000e\000q\000u\000e\000n\000c\000e\000\040\000B\000i\000n\000a\000r\000y\000\040\000T\000r\000e\000e}{section.1.5}% 16
\BOOKMARK [1][-]{section.1.6}{\376\377\000A\000V\000L\000\040\000T\000r\000e\000e\000s\000\040\000\050\000N\000E\000E\000D\000\040\000T\000O\000\040\000F\000I\000N\000I\000S\000H\000\051}{chapter.1}% 17
\BOOKMARK [0][-]{chapter.2}{\376\377\000T\000i\000m\000e\000\040\000c\000o\000m\000p\000l\000e\000x\000i\000t\000y}{}% 18
\BOOKMARK [1][-]{section.2.1}{\376\377\000B\000i\000g\000-\000O\000,\000\040\000B\000i\000g\000-\000,\000\040\000B\000i\000g\000-}{chapter.2}% 19
\BOOKMARK [1][-]{section.2.2}{\376\377\000S\000p\000a\000c\000e\000\040\000v\000s\000\040\000T\000i\000m\000e}{chapter.2}% 20
\BOOKMARK [0][-]{chapter.3}{\376\377\000D\000i\000r\000e\000c\000t\000\040\000A\000c\000c\000e\000s\000s\000\040\000A\000r\000r\000a\000y\000s}{}% 21
\BOOKMARK [1][-]{section.3.1}{\376\377\000P\000r\000e\000-\000l\000e\000c\000t\000u\000r\000e\000\040\000q\000u\000e\000s\000t\000i\000o\000n\000s}{chapter.3}% 22
\BOOKMARK [1][-]{section.3.2}{\376\377\000W\000o\000r\000d\000\040\000R\000A\000M\000\040\000m\000o\000d\000e\000l}{chapter.3}% 23
\BOOKMARK [1][-]{section.3.3}{\376\377\000C\000o\000m\000p\000a\000r\000i\000s\000o\000n\000\040\000m\000o\000d\000e\000l\000\040\000o\000f\000\040\000c\000o\000m\000p\000u\000t\000a\000t\000i\000o\000n}{chapter.3}% 24
\BOOKMARK [1][-]{section.3.4}{\376\377\000D\000i\000r\000e\000c\000t\000\040\000a\000c\000c\000e\000s\000s\000\040\000a\000r\000r\000a\000y\000s}{chapter.3}% 25
\BOOKMARK [1][-]{section.3.5}{\376\377\000H\000a\000s\000h\000m\000a\000p\000s}{chapter.3}% 26
\BOOKMARK [0][-]{chapter.4}{\376\377\000S\000o\000r\000t\000i\000n\000g}{}% 27
\BOOKMARK [1][-]{section.4.1}{\376\377\000W\000h\000y\000\040\000d\000o\000\040\000w\000e\000\040\000c\000a\000r\000e\000?}{chapter.4}% 28
\BOOKMARK [1][-]{section.4.2}{\376\377\000S\000e\000a\000r\000c\000h\000\040\000a\000l\000g\000o\000r\000i\000t\000h\000m\000s}{chapter.4}% 29
\BOOKMARK [1][-]{section.4.3}{\376\377\000S\000o\000r\000t\000i\000n\000g\000\040\000a\000l\000g\000o\000r\000i\000t\000h\000m\000s}{chapter.4}% 30
\BOOKMARK [2][-]{subsection.4.3.1}{\376\377\000S\000t\000a\000b\000i\000l\000i\000t\000y}{section.4.3}% 31
\BOOKMARK [2][-]{subsection.4.3.2}{\376\377\000S\000o\000r\000t\000i\000n\000g\000\040\000a\000l\000g\000o\000r\000i\000t\000h\000m\000s}{section.4.3}% 32
\BOOKMARK [2][-]{subsection.4.3.3}{\376\377\000P\000e\000r\000m\000u\000t\000a\000t\000i\000o\000n\000\040\000s\000o\000r\000t}{section.4.3}% 33
\BOOKMARK [2][-]{subsection.4.3.4}{\376\377\000S\000e\000l\000e\000c\000t\000i\000o\000n\000\040\000s\000o\000r\000t}{section.4.3}% 34
\BOOKMARK [2][-]{subsection.4.3.5}{\376\377\000I\000n\000s\000e\000r\000t\000i\000o\000n\000\040\000s\000o\000r\000t}{section.4.3}% 35
\BOOKMARK [2][-]{subsection.4.3.6}{\376\377\000M\000e\000r\000g\000e\000\040\000s\000o\000r\000t\000\040\000\050\000W\000I\000P\000\051}{section.4.3}% 36
\BOOKMARK [2][-]{subsection.4.3.7}{\376\377\000D\000i\000r\000e\000c\000t\000\040\000a\000c\000c\000e\000s\000s\000\040\000a\000r\000r\000a\000y\000\040\000s\000o\000r\000t\000i\000n\000g}{section.4.3}% 37
\BOOKMARK [2][-]{subsection.4.3.8}{\376\377\000R\000a\000d\000i\000x\000\040\000S\000o\000r\000t}{section.4.3}% 38
\BOOKMARK [1][-]{section.4.4}{\376\377\000R\000e\000v\000i\000e\000w\000\040\000o\000n\000\040\000D\000i\000r\000e\000c\000t\000\040\000A\000c\000c\000e\000s\000s\000\040\000A\000r\000r\000a\000y\000\040\000s\000o\000r\000t\000i\000n\000g}{chapter.4}% 39
\BOOKMARK [2][-]{subsection.4.4.1}{\376\377\000C\000o\000u\000n\000t\000i\000n\000g\000\040\000S\000o\000r\000t}{section.4.4}% 40
\BOOKMARK [2][-]{subsection.4.4.2}{\376\377\000R\000a\000d\000i\000x\000\040\000S\000o\000r\000t}{section.4.4}% 41
\BOOKMARK [0][-]{chapter.5}{\376\377\000P\000r\000i\000o\000r\000i\000t\000y\000\040\000Q\000u\000e\000u\000e\000s}{}% 42
\BOOKMARK [1][-]{section.5.1}{\376\377\000P\000r\000i\000o\000r\000i\000t\000y\000\040\000Q\000u\000e\000u\000e\000s}{chapter.5}% 43
\BOOKMARK [2][-]{subsection.5.1.1}{\376\377\000I\000n\000t\000e\000r\000f\000a\000c\000e\000\040\000\050\000I\000N\000\040\000P\000R\000O\000G\000R\000E\000S\000S\000\051}{section.5.1}% 44
\BOOKMARK [2][-]{subsection.5.1.2}{\376\377\000H\000e\000a\000p\000s}{section.5.1}% 45
\BOOKMARK [2][-]{subsection.5.1.3}{\376\377\000R\000e\000v\000i\000e\000w}{section.5.1}% 46
\BOOKMARK [1][-]{section.5.2}{\376\377\000H\000e\000a\000p\000s}{chapter.5}% 47
\BOOKMARK [2][-]{subsection.5.2.1}{\376\377\000H\000e\000a\000p\000\040\000P\000r\000o\000p\000e\000r\000t\000y}{section.5.2}% 48
\BOOKMARK [2][-]{subsection.5.2.2}{\376\377\000I\000m\000p\000l\000e\000m\000e\000n\000t\000a\000t\000i\000o\000n}{section.5.2}% 49
\BOOKMARK [2][-]{subsection.5.2.3}{\376\377\000H\000e\000a\000p\000s\000o\000r\000t}{section.5.2}% 50
